0 info it worked if it ends with ok
1 verbose cli [
1 verbose cli   '/usr/local/Cellar/node/13.8.0/bin/node',
1 verbose cli   '/usr/local/bin/npm',
1 verbose cli   'run',
1 verbose cli   'test',
1 verbose cli   '--runInBand',
1 verbose cli   '--no-cache'
1 verbose cli ]
2 info using npm@6.13.7
3 info using node@v13.8.0
4 verbose run-script [ 'pretest', 'test', 'posttest' ]
5 info lifecycle gatsby-starter-lumen@3.0.3~pretest: gatsby-starter-lumen@3.0.3
6 info lifecycle gatsby-starter-lumen@3.0.3~test: gatsby-starter-lumen@3.0.3
7 verbose lifecycle gatsby-starter-lumen@3.0.3~test: unsafe-perm in lifecycle true
8 verbose lifecycle gatsby-starter-lumen@3.0.3~test: PATH: /usr/local/lib/node_modules/npm/node_modules/npm-lifecycle/node-gyp-bin:/Users/hewang/Workspace/blog/node_modules/.bin:/usr/bin:/bin:/usr/sbin:/sbin:/usr/local/bin:/usr/local/share/dotnet:/Library/Frameworks/Mono.framework/Versions/Current/Commands
9 verbose lifecycle gatsby-starter-lumen@3.0.3~test: CWD: /Users/hewang/Workspace/blog
10 silly lifecycle gatsby-starter-lumen@3.0.3~test: Args: [ '-c', 'jest --config ./jest/jest-config.js' ]
11 silly lifecycle gatsby-starter-lumen@3.0.3~test: Returned: code: 1  signal: null
12 info lifecycle gatsby-starter-lumen@3.0.3~test: Failed to exec test script
13 verbose stack Error: gatsby-starter-lumen@3.0.3 test: `jest --config ./jest/jest-config.js`
13 verbose stack Exit status 1
13 verbose stack     at EventEmitter.<anonymous> (/usr/local/lib/node_modules/npm/node_modules/npm-lifecycle/index.js:332:16)
13 verbose stack     at EventEmitter.emit (events.js:321:20)
13 verbose stack     at ChildProcess.<anonymous> (/usr/local/lib/node_modules/npm/node_modules/npm-lifecycle/lib/spawn.js:55:14)
13 verbose stack     at ChildProcess.emit (events.js:321:20)
13 verbose stack     at maybeClose (internal/child_process.js:1026:16)
13 verbose stack     at Process.ChildProcess._handle.onexit (internal/child_process.js:286:5)
14 verbose pkgid gatsby-starter-lumen@3.0.3
15 verbose cwd /Users/hewang/Workspace/blog
16 verbose Darwin 18.7.0
17 verbose argv "/usr/local/Cellar/node/13.8.0/bin/node" "/usr/local/bin/npm" "run" "test" "--runInBand" "--no-cache"
18 verbose node v13.8.0
19 verbose npm  v6.13.7
20 error code ELIFECYCLE
21 error errno 1
22 error gatsby-starter-lumen@3.0.3 test: `jest --config ./jest/jest-config.js`
22 error Exit status 1
23 error Failed at the gatsby-starter-lumen@3.0.3 test script.
23 error This is probably not a problem with npm. There is likely additional logging output above.
24 verbose exit [ 1, true ]
